str input "Please input an integer number: "
str space " "
str eol "\n"
push
push r0
push r1
push r2
push r3
jsr main
sys halt
label F
link 16
move 2 r3
move $6 r2
cmpi r2 r3
move r3 $-3
jle label1
move 1 r3
move $6 r2
subi r3 r2
move r3 $-4
push
push r2
move r2 $-5
push r0
push r1
push r2
push r3
jsr F
pop r3
pop r2
pop r1
pop r0
pop
pop r3
move r3 r2
move r3 $-6
move 2 r3
move $6 r1
subi r3 r1
move r3 $-7
push
push r1
move r1 $-8
push r0
push r1
push r2
push r3
jsr F
pop r3
pop r2
pop r1
pop r0
pop
pop r3
move r3 r1
move r3 $-9
move r2 $-1
addi r1 r2
move r1 $-2
move r2 $7
move r2 $-10
unlnk
ret
jmp label2
label label1
move 0 r3
move $6 r2
cmpi r2 r3
move r3 $-11
jne label3
move 0 r3
move r3 $7
move r3 $-12
unlnk
ret
jmp label2
label label3
move 1 r3
move $6 r2
cmpi r2 r3
move r3 $-13
jne label4
move 1 r3
move r3 $7
move r3 $-14
unlnk
ret
jmp label2
label label4
move 2 r3
move $6 r2
cmpi r2 r3
move r3 $-15
jne label5
move 1 r3
move r3 $7
move r3 $-16
unlnk
ret
jmp label2
label label5
label label2
unlnk
ret
label main
link 8
move 0 r3
move r3 r2
move r3 $-4
sys writes input
sys readi r3
move r3 $-2
move r2 $-1
label label6
push
move $-1 r3
push r3
push r0
push r1
push r2
push r3
jsr F
pop r3
pop r2
pop r1
pop r0
pop
pop r2
move r2 r1
move r2 $-5
sys writei r3
sys writes space
sys writei r1
move r1 $-3
sys writes eol
move 1 r2
addi r2 r3
move r2 $-6
move r3 r2
move r3 $-7
label label8
move $-2 r3
cmpi r2 r3
move r2 $-1
jeq label7
jmp label6
label label7
move 0 r3
move r3 $6
move r3 $-8
unlnk
ret
end
